[INFO] Scanning for projects...
[INFO] 
[INFO] ----------------< com.socialmedia:api-gateway-service >-----------------
[INFO] Building api-gateway-service 0.0.1-SNAPSHOT
[INFO]   from pom.xml
[INFO] --------------------------------[ jar ]---------------------------------
[INFO] 
[INFO] >>> spring-boot:3.4.4:run (default-cli) > test-compile @ api-gateway-service >>>
[INFO] 
[INFO] --- resources:3.3.1:resources (default-resources) @ api-gateway-service ---
[INFO] Copying 1 resource from src/main/resources to target/classes
[INFO] Copying 0 resource from src/main/resources to target/classes
[INFO] 
[INFO] --- compiler:3.13.0:compile (default-compile) @ api-gateway-service ---
[INFO] Nothing to compile - all classes are up to date.
[INFO] 
[INFO] --- resources:3.3.1:testResources (default-testResources) @ api-gateway-service ---
[INFO] skip non existing resourceDirectory /Users/blake/Desktop/socialmedia/backend/infrastructure/api-gateway-service/src/test/resources
[INFO] 
[INFO] --- compiler:3.13.0:testCompile (default-testCompile) @ api-gateway-service ---
[INFO] Nothing to compile - all classes are up to date.
[INFO] 
[INFO] <<< spring-boot:3.4.4:run (default-cli) < test-compile @ api-gateway-service <<<
[INFO] 
[INFO] 
[INFO] --- spring-boot:3.4.4:run (default-cli) @ api-gateway-service ---
[INFO] Attaching agents: []

  .   ____          _            __ _ _
 /\\ / ___'_ __ _ _(_)_ __  __ _ \ \ \ \
( ( )\___ | '_ | '_| | '_ \/ _` | \ \ \ \
 \\/  ___)| |_)| | | | | || (_| |  ) ) ) )
  '  |____| .__|_| |_|_| |_\__, | / / / /
 =========|_|==============|___/=/_/_/_/

 :: Spring Boot ::                (v3.4.4)

2025-06-02T18:56:51.590+07:00  INFO 93960 --- [api-gateway] [           main] c.s.a.ApiGatewayServiceApplication       : Starting ApiGatewayServiceApplication using Java 21.0.7 with PID 93960 (/Users/blake/Desktop/socialmedia/backend/infrastructure/api-gateway-service/target/classes started by blake in /Users/blake/Desktop/socialmedia/backend/infrastructure/api-gateway-service)
2025-06-02T18:56:51.593+07:00  INFO 93960 --- [api-gateway] [           main] c.s.a.ApiGatewayServiceApplication       : No active profile set, falling back to 1 default profile: "default"
2025-06-02T18:56:53.236+07:00  INFO 93960 --- [api-gateway] [           main] .s.d.r.c.RepositoryConfigurationDelegate : Multiple Spring Data modules found, entering strict repository configuration mode
2025-06-02T18:56:53.241+07:00  INFO 93960 --- [api-gateway] [           main] .s.d.r.c.RepositoryConfigurationDelegate : Bootstrapping Spring Data Redis repositories in DEFAULT mode.
2025-06-02T18:56:53.284+07:00  INFO 93960 --- [api-gateway] [           main] .s.d.r.c.RepositoryConfigurationDelegate : Finished Spring Data repository scanning in 17 ms. Found 0 Redis repository interfaces.
2025-06-02T18:56:53.752+07:00  INFO 93960 --- [api-gateway] [           main] o.s.cloud.context.scope.GenericScope     : BeanFactory id=69e25410-048e-3427-8b9c-8456d9493944
2025-06-02T18:56:56.373+07:00  INFO 93960 --- [api-gateway] [           main] o.s.c.g.r.RouteDefinitionRouteLocator    : Loaded RoutePredicateFactory [After]
2025-06-02T18:56:56.374+07:00  INFO 93960 --- [api-gateway] [           main] o.s.c.g.r.RouteDefinitionRouteLocator    : Loaded RoutePredicateFactory [Before]
2025-06-02T18:56:56.374+07:00  INFO 93960 --- [api-gateway] [           main] o.s.c.g.r.RouteDefinitionRouteLocator    : Loaded RoutePredicateFactory [Between]
2025-06-02T18:56:56.374+07:00  INFO 93960 --- [api-gateway] [           main] o.s.c.g.r.RouteDefinitionRouteLocator    : Loaded RoutePredicateFactory [Cookie]
2025-06-02T18:56:56.374+07:00  INFO 93960 --- [api-gateway] [           main] o.s.c.g.r.RouteDefinitionRouteLocator    : Loaded RoutePredicateFactory [Header]
2025-06-02T18:56:56.374+07:00  INFO 93960 --- [api-gateway] [           main] o.s.c.g.r.RouteDefinitionRouteLocator    : Loaded RoutePredicateFactory [Host]
2025-06-02T18:56:56.374+07:00  INFO 93960 --- [api-gateway] [           main] o.s.c.g.r.RouteDefinitionRouteLocator    : Loaded RoutePredicateFactory [Method]
2025-06-02T18:56:56.375+07:00  INFO 93960 --- [api-gateway] [           main] o.s.c.g.r.RouteDefinitionRouteLocator    : Loaded RoutePredicateFactory [Path]
2025-06-02T18:56:56.375+07:00  INFO 93960 --- [api-gateway] [           main] o.s.c.g.r.RouteDefinitionRouteLocator    : Loaded RoutePredicateFactory [Query]
2025-06-02T18:56:56.376+07:00  INFO 93960 --- [api-gateway] [           main] o.s.c.g.r.RouteDefinitionRouteLocator    : Loaded RoutePredicateFactory [ReadBody]
2025-06-02T18:56:56.376+07:00  INFO 93960 --- [api-gateway] [           main] o.s.c.g.r.RouteDefinitionRouteLocator    : Loaded RoutePredicateFactory [RemoteAddr]
2025-06-02T18:56:56.376+07:00  INFO 93960 --- [api-gateway] [           main] o.s.c.g.r.RouteDefinitionRouteLocator    : Loaded RoutePredicateFactory [XForwardedRemoteAddr]
2025-06-02T18:56:56.376+07:00  INFO 93960 --- [api-gateway] [           main] o.s.c.g.r.RouteDefinitionRouteLocator    : Loaded RoutePredicateFactory [Weight]
2025-06-02T18:56:56.376+07:00  INFO 93960 --- [api-gateway] [           main] o.s.c.g.r.RouteDefinitionRouteLocator    : Loaded RoutePredicateFactory [CloudFoundryRouteService]
2025-06-02T18:56:56.683+07:00  INFO 93960 --- [api-gateway] [           main] o.s.b.a.e.web.EndpointLinksResolver      : Exposing 2 endpoints beneath base path '/actuator'
2025-06-02T18:56:57.200+07:00  INFO 93960 --- [api-gateway] [           main] DiscoveryClientOptionalArgsConfiguration : Eureka HTTP Client uses RestTemplate.
2025-06-02T18:56:57.243+07:00  WARN 93960 --- [api-gateway] [           main] iguration$LoadBalancerCaffeineWarnLogger : Spring Cloud LoadBalancer is currently working with the default cache. While this cache implementation is useful for development and tests, it's recommended to use Caffeine cache in production.You can switch to using Caffeine cache, by adding it and org.springframework.cache.caffeine.CaffeineCacheManager to the classpath.
2025-06-02T18:56:57.332+07:00  INFO 93960 --- [api-gateway] [           main] o.s.c.n.eureka.InstanceInfoFactory       : Setting initial instance status as: STARTING
2025-06-02T18:56:57.367+07:00  INFO 93960 --- [api-gateway] [           main] com.netflix.discovery.DiscoveryClient    : Initializing Eureka in region us-east-1
2025-06-02T18:56:57.374+07:00  INFO 93960 --- [api-gateway] [           main] c.n.d.s.r.aws.ConfigClusterResolver      : Resolving eureka endpoints via configuration
2025-06-02T18:56:57.384+07:00  INFO 93960 --- [api-gateway] [           main] com.netflix.discovery.DiscoveryClient    : Disable delta property : false
2025-06-02T18:56:57.384+07:00  INFO 93960 --- [api-gateway] [           main] com.netflix.discovery.DiscoveryClient    : Single vip registry refresh property : null
2025-06-02T18:56:57.384+07:00  INFO 93960 --- [api-gateway] [           main] com.netflix.discovery.DiscoveryClient    : Force full registry fetch : false
2025-06-02T18:56:57.384+07:00  INFO 93960 --- [api-gateway] [           main] com.netflix.discovery.DiscoveryClient    : Application is null : false
2025-06-02T18:56:57.384+07:00  INFO 93960 --- [api-gateway] [           main] com.netflix.discovery.DiscoveryClient    : Registered Applications size is zero : true
2025-06-02T18:56:57.384+07:00  INFO 93960 --- [api-gateway] [           main] com.netflix.discovery.DiscoveryClient    : Application version is -1: true
2025-06-02T18:56:57.384+07:00  INFO 93960 --- [api-gateway] [           main] com.netflix.discovery.DiscoveryClient    : Getting all instance registry info from the eureka server
2025-06-02T18:56:57.873+07:00  INFO 93960 --- [api-gateway] [           main] com.netflix.discovery.DiscoveryClient    : The response status is 200
2025-06-02T18:56:57.875+07:00  INFO 93960 --- [api-gateway] [           main] com.netflix.discovery.DiscoveryClient    : Starting heartbeat executor: renew interval is: 30
2025-06-02T18:56:57.877+07:00  INFO 93960 --- [api-gateway] [           main] c.n.discovery.InstanceInfoReplicator     : InstanceInfoReplicator onDemand update allowed rate per min is 4
2025-06-02T18:56:57.880+07:00  INFO 93960 --- [api-gateway] [           main] com.netflix.discovery.DiscoveryClient    : Discovery Client initialized at timestamp 1748865417878 with initial instances count: 3
2025-06-02T18:56:57.884+07:00  INFO 93960 --- [api-gateway] [           main] o.s.c.n.e.s.EurekaServiceRegistry        : Registering application API-GATEWAY with eureka with status UP
2025-06-02T18:56:57.884+07:00  INFO 93960 --- [api-gateway] [           main] com.netflix.discovery.DiscoveryClient    : Saw local status change event StatusChangeEvent [timestamp=1748865417884, current=UP, previous=STARTING]
2025-06-02T18:56:57.886+07:00  INFO 93960 --- [api-gateway] [foReplicator-%d] com.netflix.discovery.DiscoveryClient    : DiscoveryClient_API-GATEWAY/macbookpro.lan:api-gateway:8080: registering service...
2025-06-02T18:56:57.939+07:00  INFO 93960 --- [api-gateway] [foReplicator-%d] com.netflix.discovery.DiscoveryClient    : DiscoveryClient_API-GATEWAY/macbookpro.lan:api-gateway:8080 - registration status: 204
2025-06-02T18:56:58.171+07:00  INFO 93960 --- [api-gateway] [           main] o.s.b.web.embedded.netty.NettyWebServer  : Netty started on port 8080 (http)
2025-06-02T18:56:58.172+07:00  INFO 93960 --- [api-gateway] [           main] .s.c.n.e.s.EurekaAutoServiceRegistration : Updating port to 8080
2025-06-02T18:56:58.217+07:00  INFO 93960 --- [api-gateway] [           main] c.s.a.ApiGatewayServiceApplication       : Started ApiGatewayServiceApplication in 7.645 seconds (process running for 8.46)
2025-06-02T18:57:18.339+07:00  INFO 93960 --- [api-gateway] [ctor-http-nio-2] c.s.a.config.AuthenticationFilter        : Enter authentication filter....
2025-06-02T18:57:18.341+07:00  INFO 93960 --- [api-gateway] [ctor-http-nio-2] c.s.a.config.AuthenticationFilter        : Checking path: /api/v1/auth/logout against patterns with prefix: api/v1
2025-06-02T18:57:21.880+07:00  INFO 93960 --- [api-gateway] [ctor-http-nio-2] c.s.a.config.AuthenticationFilter        : Enter authentication filter....
2025-06-02T18:57:21.880+07:00  INFO 93960 --- [api-gateway] [ctor-http-nio-2] c.s.a.config.AuthenticationFilter        : Checking path: /api/v1/auth/login against patterns with prefix: api/v1
2025-06-02T18:57:27.397+07:00  INFO 93960 --- [api-gateway] [ctor-http-nio-2] c.s.a.config.AuthenticationFilter        : Enter authentication filter....
2025-06-02T18:57:27.398+07:00  INFO 93960 --- [api-gateway] [ctor-http-nio-2] c.s.a.config.AuthenticationFilter        : Checking path: /api/v1/auth/login against patterns with prefix: api/v1
2025-06-02T18:57:39.497+07:00  INFO 93960 --- [api-gateway] [ctor-http-nio-2] c.s.a.config.AuthenticationFilter        : Enter authentication filter....
2025-06-02T18:57:39.498+07:00  INFO 93960 --- [api-gateway] [ctor-http-nio-2] c.s.a.config.AuthenticationFilter        : Checking path: /api/v1/auth/register against patterns with prefix: api/v1
2025-06-02T18:57:48.345+07:00  INFO 93960 --- [api-gateway] [ctor-http-nio-2] c.s.a.config.AuthenticationFilter        : Enter authentication filter....
2025-06-02T18:57:48.345+07:00  INFO 93960 --- [api-gateway] [ctor-http-nio-2] c.s.a.config.AuthenticationFilter        : Checking path: /api/v1/auth/login against patterns with prefix: api/v1
2025-06-02T19:01:57.405+07:00  INFO 93960 --- [api-gateway] [rap-executor-%d] c.n.d.s.r.aws.ConfigClusterResolver      : Resolving eureka endpoints via configuration
2025-06-02T19:02:15.612+07:00  INFO 93960 --- [api-gateway] [ctor-http-nio-2] c.s.a.config.AuthenticationFilter        : Enter authentication filter....
2025-06-02T19:02:15.612+07:00  INFO 93960 --- [api-gateway] [ctor-http-nio-2] c.s.a.config.AuthenticationFilter        : Checking path: /api/v1/auth/login against patterns with prefix: api/v1
2025-06-02T19:02:17.398+07:00  INFO 93960 --- [api-gateway] [ctor-http-nio-2] c.s.a.config.AuthenticationFilter        : Enter authentication filter....
2025-06-02T19:02:17.398+07:00  INFO 93960 --- [api-gateway] [ctor-http-nio-2] c.s.a.config.AuthenticationFilter        : Checking path: /api/v1/auth/login against patterns with prefix: api/v1
2025-06-02T19:02:19.166+07:00  INFO 93960 --- [api-gateway] [ctor-http-nio-2] c.s.a.config.AuthenticationFilter        : Enter authentication filter....
2025-06-02T19:02:19.167+07:00  INFO 93960 --- [api-gateway] [ctor-http-nio-2] c.s.a.config.AuthenticationFilter        : Checking path: /api/v1/auth/login against patterns with prefix: api/v1
2025-06-02T19:02:28.539+07:00  INFO 93960 --- [api-gateway] [ctor-http-nio-2] c.s.a.config.AuthenticationFilter        : Enter authentication filter....
2025-06-02T19:02:28.540+07:00  INFO 93960 --- [api-gateway] [ctor-http-nio-2] c.s.a.config.AuthenticationFilter        : Checking path: /api/v1/auth/login against patterns with prefix: api/v1
2025-06-02T19:02:46.206+07:00  INFO 93960 --- [api-gateway] [ctor-http-nio-2] c.s.a.config.AuthenticationFilter        : Enter authentication filter....
2025-06-02T19:02:46.209+07:00  INFO 93960 --- [api-gateway] [ctor-http-nio-2] c.s.a.config.AuthenticationFilter        : Checking path: /api/v1/auth/login against patterns with prefix: api/v1
2025-06-02T19:03:00.184+07:00  INFO 93960 --- [api-gateway] [ctor-http-nio-2] c.s.a.config.AuthenticationFilter        : Enter authentication filter....
2025-06-02T19:03:00.185+07:00  INFO 93960 --- [api-gateway] [ctor-http-nio-2] c.s.a.config.AuthenticationFilter        : Checking path: /api/v1/auth/login against patterns with prefix: api/v1
2025-06-02T19:03:01.322+07:00  INFO 93960 --- [api-gateway] [ctor-http-nio-2] c.s.a.config.AuthenticationFilter        : Enter authentication filter....
2025-06-02T19:03:01.322+07:00  INFO 93960 --- [api-gateway] [ctor-http-nio-2] c.s.a.config.AuthenticationFilter        : Checking path: /api/v1/auth/login against patterns with prefix: api/v1
2025-06-02T19:03:49.996+07:00  INFO 93960 --- [api-gateway] [ctor-http-nio-2] c.s.a.config.AuthenticationFilter        : Enter authentication filter....
2025-06-02T19:03:49.996+07:00  INFO 93960 --- [api-gateway] [ctor-http-nio-2] c.s.a.config.AuthenticationFilter        : Checking path: /api/v1/auth/login against patterns with prefix: api/v1
2025-06-02T19:04:06.398+07:00  INFO 93960 --- [api-gateway] [ionShutdownHook] o.s.c.n.e.s.EurekaServiceRegistry        : Unregistering application API-GATEWAY with eureka with status DOWN
2025-06-02T19:04:06.402+07:00  INFO 93960 --- [api-gateway] [ionShutdownHook] com.netflix.discovery.DiscoveryClient    : Saw local status change event StatusChangeEvent [timestamp=1748865846401, current=DOWN, previous=UP]
2025-06-02T19:04:06.404+07:00  INFO 93960 --- [api-gateway] [foReplicator-%d] com.netflix.discovery.DiscoveryClient    : DiscoveryClient_API-GATEWAY/macbookpro.lan:api-gateway:8080: registering service...
2025-06-02T19:04:06.688+07:00  INFO 93960 --- [api-gateway] [foReplicator-%d] com.netflix.discovery.DiscoveryClient    : DiscoveryClient_API-GATEWAY/macbookpro.lan:api-gateway:8080 - registration status: 204
2025-06-02T19:04:06.738+07:00  INFO 93960 --- [api-gateway] [ionShutdownHook] o.s.b.w.embedded.netty.GracefulShutdown  : Commencing graceful shutdown. Waiting for active requests to complete
2025-06-02T19:04:06.879+07:00  INFO 93960 --- [api-gateway] [ netty-shutdown] o.s.b.w.embedded.netty.GracefulShutdown  : Graceful shutdown complete
