[INFO] Scanning for projects...
[INFO] 
[INFO] --------------------< com.socialmedia:auth-service >--------------------
[INFO] Building auth-service 0.0.1-SNAPSHOT
[INFO]   from pom.xml
[INFO] --------------------------------[ jar ]---------------------------------
[INFO] 
[INFO] >>> spring-boot:3.4.4:run (default-cli) > test-compile @ auth-service >>>
[INFO] 
[INFO] --- resources:3.3.1:resources (default-resources) @ auth-service ---
[INFO] Copying 1 resource from src/main/resources to target/classes
[INFO] Copying 2 resources from src/main/resources to target/classes
[INFO] 
[INFO] --- compiler:3.13.0:compile (default-compile) @ auth-service ---
[INFO] Recompiling the module because of changed source code.
[INFO] Compiling 31 source files with javac [debug parameters release 21] to target/classes
[WARNING] /Users/blake/Desktop/socialmedia/backend/services/authen-service/src/main/java/com/socialmedia/authen_service/entity/User.java:[32,13] @Builder will ignore the initializing expression entirely. If you want the initializing expression to serve as default, add @Builder.Default. If it is not supposed to be settable during building, make the field final.
[WARNING] /Users/blake/Desktop/socialmedia/backend/services/authen-service/src/main/java/com/socialmedia/authen_service/entity/User.java:[44,13] @Builder will ignore the initializing expression entirely. If you want the initializing expression to serve as default, add @Builder.Default. If it is not supposed to be settable during building, make the field final.
[WARNING] /Users/blake/Desktop/socialmedia/backend/services/authen-service/src/main/java/com/socialmedia/authen_service/entity/RefreshToken.java:[34,13] @Builder will ignore the initializing expression entirely. If you want the initializing expression to serve as default, add @Builder.Default. If it is not supposed to be settable during building, make the field final.
[WARNING] /Users/blake/Desktop/socialmedia/backend/services/authen-service/src/main/java/com/socialmedia/authen_service/mapper/UserMapper.java:[14,10] Unmapped target properties: "active, createdAt, updatedAt, lastLogin, failedAttempts".
[INFO] 
[INFO] --- resources:3.3.1:testResources (default-testResources) @ auth-service ---
[INFO] skip non existing resourceDirectory /Users/blake/Desktop/socialmedia/backend/services/authen-service/src/test/resources
[INFO] 
[INFO] --- compiler:3.13.0:testCompile (default-testCompile) @ auth-service ---
[INFO] Recompiling the module because of changed dependency.
[INFO] Compiling 1 source file with javac [debug parameters release 21] to target/test-classes
[INFO] 
[INFO] <<< spring-boot:3.4.4:run (default-cli) < test-compile @ auth-service <<<
[INFO] 
[INFO] 
[INFO] --- spring-boot:3.4.4:run (default-cli) @ auth-service ---
[INFO] Attaching agents: []

  .   ____          _            __ _ _
 /\\ / ___'_ __ _ _(_)_ __  __ _ \ \ \ \
( ( )\___ | '_ | '_| | '_ \/ _` | \ \ \ \
 \\/  ___)| |_)| | | | | || (_| |  ) ) ) )
  '  |____| .__|_| |_|_| |_\__, | / / / /
 =========|_|==============|___/=/_/_/_/

 :: Spring Boot ::                (v3.4.4)

2025-06-02T19:05:17.337+07:00  INFO 94737 --- [auth-service] [           main] c.s.a.AutheServiceApplication            : Starting AutheServiceApplication using Java 21.0.7 with PID 94737 (/Users/blake/Desktop/socialmedia/backend/services/authen-service/target/classes started by blake in /Users/blake/Desktop/socialmedia/backend/services/authen-service)
2025-06-02T19:05:17.340+07:00  INFO 94737 --- [auth-service] [           main] c.s.a.AutheServiceApplication            : No active profile set, falling back to 1 default profile: "default"
2025-06-02T19:05:18.372+07:00  INFO 94737 --- [auth-service] [           main] .s.d.r.c.RepositoryConfigurationDelegate : Bootstrapping Spring Data JPA repositories in DEFAULT mode.
2025-06-02T19:05:18.620+07:00  INFO 94737 --- [auth-service] [           main] .s.d.r.c.RepositoryConfigurationDelegate : Finished Spring Data repository scanning in 234 ms. Found 3 JPA repository interfaces.
2025-06-02T19:05:18.974+07:00  INFO 94737 --- [auth-service] [           main] o.s.cloud.context.scope.GenericScope     : BeanFactory id=ddae4d0d-4934-3e82-97bc-49ecfd975953
2025-06-02T19:05:19.568+07:00  INFO 94737 --- [auth-service] [           main] o.s.b.w.embedded.tomcat.TomcatWebServer  : Tomcat initialized with port 8081 (http)
2025-06-02T19:05:19.595+07:00  INFO 94737 --- [auth-service] [           main] o.apache.catalina.core.StandardService   : Starting service [Tomcat]
2025-06-02T19:05:19.596+07:00  INFO 94737 --- [auth-service] [           main] o.apache.catalina.core.StandardEngine    : Starting Servlet engine: [Apache Tomcat/10.1.39]
2025-06-02T19:05:19.691+07:00  INFO 94737 --- [auth-service] [           main] o.a.c.c.C.[Tomcat].[localhost].[/]       : Initializing Spring embedded WebApplicationContext
2025-06-02T19:05:19.692+07:00  INFO 94737 --- [auth-service] [           main] w.s.c.ServletWebServerApplicationContext : Root WebApplicationContext: initialization completed in 2300 ms
2025-06-02T19:05:19.845+07:00  INFO 94737 --- [auth-service] [           main] com.zaxxer.hikari.HikariDataSource       : HikariPool-1 - Starting...
2025-06-02T19:05:20.285+07:00  INFO 94737 --- [auth-service] [           main] com.zaxxer.hikari.pool.HikariPool        : HikariPool-1 - Added connection org.postgresql.jdbc.PgConnection@629b780f
2025-06-02T19:05:20.288+07:00  INFO 94737 --- [auth-service] [           main] com.zaxxer.hikari.HikariDataSource       : HikariPool-1 - Start completed.
2025-06-02T19:05:20.648+07:00  INFO 94737 --- [auth-service] [           main] o.hibernate.jpa.internal.util.LogHelper  : HHH000204: Processing PersistenceUnitInfo [name: default]
2025-06-02T19:05:20.776+07:00  INFO 94737 --- [auth-service] [           main] org.hibernate.Version                    : HHH000412: Hibernate ORM core version 6.6.11.Final
2025-06-02T19:05:20.867+07:00  INFO 94737 --- [auth-service] [           main] o.h.c.internal.RegionFactoryInitiator    : HHH000026: Second-level cache disabled
2025-06-02T19:05:21.323+07:00  INFO 94737 --- [auth-service] [           main] o.s.o.j.p.SpringPersistenceUnitInfo      : No LoadTimeWeaver setup: ignoring JPA class transformer
2025-06-02T19:05:21.504+07:00  WARN 94737 --- [auth-service] [           main] org.hibernate.orm.deprecation            : HHH90000025: PostgreSQLDialect does not need to be specified explicitly using 'hibernate.dialect' (remove the property setting and it will be selected by default)
2025-06-02T19:05:21.525+07:00  INFO 94737 --- [auth-service] [           main] org.hibernate.orm.connections.pooling    : HHH10001005: Database info:
	Database JDBC URL [Connecting through datasource 'HikariDataSource (HikariPool-1)']
	Database driver: undefined/unknown
	Database version: 15.4
	Autocommit mode: undefined/unknown
	Isolation level: undefined/unknown
	Minimum pool size: undefined/unknown
	Maximum pool size: undefined/unknown
2025-06-02T19:05:22.918+07:00  INFO 94737 --- [auth-service] [           main] o.h.e.t.j.p.i.JtaPlatformInitiator       : HHH000489: No JTA platform available (set 'hibernate.transaction.jta.platform' to enable JTA platform integration)
2025-06-02T19:05:22.922+07:00  INFO 94737 --- [auth-service] [           main] j.LocalContainerEntityManagerFactoryBean : Initialized JPA EntityManagerFactory for persistence unit 'default'
2025-06-02T19:05:23.395+07:00  INFO 94737 --- [auth-service] [           main] o.s.d.j.r.query.QueryEnhancerFactory     : Hibernate is in classpath; If applicable, HQL parser will be used.
2025-06-02T19:05:24.625+07:00  WARN 94737 --- [auth-service] [           main] JpaBaseConfiguration$JpaWebConfiguration : spring.jpa.open-in-view is enabled by default. Therefore, database queries may be performed during view rendering. Explicitly configure spring.jpa.open-in-view to disable this warning
2025-06-02T19:05:25.943+07:00  INFO 94737 --- [auth-service] [           main] DiscoveryClientOptionalArgsConfiguration : Eureka HTTP Client uses RestTemplate.
2025-06-02T19:05:25.992+07:00  WARN 94737 --- [auth-service] [           main] iguration$LoadBalancerCaffeineWarnLogger : Spring Cloud LoadBalancer is currently working with the default cache. While this cache implementation is useful for development and tests, it's recommended to use Caffeine cache in production.You can switch to using Caffeine cache, by adding it and org.springframework.cache.caffeine.CaffeineCacheManager to the classpath.
2025-06-02T19:05:26.035+07:00  INFO 94737 --- [auth-service] [           main] o.s.c.n.eureka.InstanceInfoFactory       : Setting initial instance status as: STARTING
2025-06-02T19:05:26.075+07:00  INFO 94737 --- [auth-service] [           main] com.netflix.discovery.DiscoveryClient    : Initializing Eureka in region us-east-1
2025-06-02T19:05:26.082+07:00  INFO 94737 --- [auth-service] [           main] c.n.d.s.r.aws.ConfigClusterResolver      : Resolving eureka endpoints via configuration
2025-06-02T19:05:26.094+07:00  INFO 94737 --- [auth-service] [           main] com.netflix.discovery.DiscoveryClient    : Disable delta property : false
2025-06-02T19:05:26.095+07:00  INFO 94737 --- [auth-service] [           main] com.netflix.discovery.DiscoveryClient    : Single vip registry refresh property : null
2025-06-02T19:05:26.095+07:00  INFO 94737 --- [auth-service] [           main] com.netflix.discovery.DiscoveryClient    : Force full registry fetch : false
2025-06-02T19:05:26.095+07:00  INFO 94737 --- [auth-service] [           main] com.netflix.discovery.DiscoveryClient    : Application is null : false
2025-06-02T19:05:26.095+07:00  INFO 94737 --- [auth-service] [           main] com.netflix.discovery.DiscoveryClient    : Registered Applications size is zero : true
2025-06-02T19:05:26.095+07:00  INFO 94737 --- [auth-service] [           main] com.netflix.discovery.DiscoveryClient    : Application version is -1: true
2025-06-02T19:05:26.095+07:00  INFO 94737 --- [auth-service] [           main] com.netflix.discovery.DiscoveryClient    : Getting all instance registry info from the eureka server
2025-06-02T19:05:27.318+07:00  INFO 94737 --- [auth-service] [           main] com.netflix.discovery.DiscoveryClient    : The response status is 200
2025-06-02T19:05:27.320+07:00  INFO 94737 --- [auth-service] [           main] com.netflix.discovery.DiscoveryClient    : Starting heartbeat executor: renew interval is: 30
2025-06-02T19:05:27.323+07:00  INFO 94737 --- [auth-service] [           main] c.n.discovery.InstanceInfoReplicator     : InstanceInfoReplicator onDemand update allowed rate per min is 4
2025-06-02T19:05:27.326+07:00  INFO 94737 --- [auth-service] [           main] com.netflix.discovery.DiscoveryClient    : Discovery Client initialized at timestamp 1748865927324 with initial instances count: 0
2025-06-02T19:05:27.330+07:00  INFO 94737 --- [auth-service] [           main] o.s.c.n.e.s.EurekaServiceRegistry        : Registering application AUTH-SERVICE with eureka with status UP
2025-06-02T19:05:27.331+07:00  INFO 94737 --- [auth-service] [           main] com.netflix.discovery.DiscoveryClient    : Saw local status change event StatusChangeEvent [timestamp=1748865927331, current=UP, previous=STARTING]
2025-06-02T19:05:27.334+07:00  INFO 94737 --- [auth-service] [foReplicator-%d] com.netflix.discovery.DiscoveryClient    : DiscoveryClient_AUTH-SERVICE/macbookpro.lan:auth-service:8081: registering service...
2025-06-02T19:05:27.360+07:00  INFO 94737 --- [auth-service] [           main] o.s.b.w.embedded.tomcat.TomcatWebServer  : Tomcat started on port 8081 (http) with context path '/'
2025-06-02T19:05:27.361+07:00  INFO 94737 --- [auth-service] [           main] .s.c.n.e.s.EurekaAutoServiceRegistration : Updating port to 8081
2025-06-02T19:05:27.376+07:00  INFO 94737 --- [auth-service] [           main] c.s.a.AutheServiceApplication            : Started AutheServiceApplication in 10.77 seconds (process running for 11.648)
2025-06-02T19:05:27.578+07:00  INFO 94737 --- [auth-service] [foReplicator-%d] com.netflix.discovery.DiscoveryClient    : DiscoveryClient_AUTH-SERVICE/macbookpro.lan:auth-service:8081 - registration status: 204
