[INFO] Scanning for projects...
[INFO] 
[INFO] -------------------< com.socialmedia:eureka-server >--------------------
[INFO] Building eureka-server 0.0.1-SNAPSHOT
[INFO]   from pom.xml
[INFO] --------------------------------[ jar ]---------------------------------
[INFO] 
[INFO] >>> spring-boot:3.4.4:run (default-cli) > test-compile @ eureka-server >>>
[INFO] 
[INFO] --- resources:3.3.1:resources (default-resources) @ eureka-server ---
[INFO] Copying 1 resource from src/main/resources to target/classes
[INFO] Copying 0 resource from src/main/resources to target/classes
[INFO] 
[INFO] --- compiler:3.13.0:compile (default-compile) @ eureka-server ---
[INFO] Nothing to compile - all classes are up to date.
[INFO] 
[INFO] --- resources:3.3.1:testResources (default-testResources) @ eureka-server ---
[INFO] skip non existing resourceDirectory /Users/blake/Desktop/socialmedia/backend/infrastructure/eureka-server/src/test/resources
[INFO] 
[INFO] --- compiler:3.13.0:testCompile (default-testCompile) @ eureka-server ---
[INFO] No sources to compile
[INFO] 
[INFO] <<< spring-boot:3.4.4:run (default-cli) < test-compile @ eureka-server <<<
[INFO] 
[INFO] 
[INFO] --- spring-boot:3.4.4:run (default-cli) @ eureka-server ---
[INFO] Attaching agents: []

  .   ____          _            __ _ _
 /\\ / ___'_ __ _ _(_)_ __  __ _ \ \ \ \
( ( )\___ | '_ | '_| | '_ \/ _` | \ \ \ \
 \\/  ___)| |_)| | | | | || (_| |  ) ) ) )
  '  |____| .__|_| |_|_| |_\__, | / / / /
 =========|_|==============|___/=/_/_/_/

 :: Spring Boot ::                (v3.4.4)

2025-06-03T09:44:23.998+07:00  INFO 8396 --- [eureka-server] [           main] c.s.eureka.EurekaServerApplication       : Starting EurekaServerApplication using Java 21.0.7 with PID 8396 (/Users/blake/Desktop/socialmedia/backend/infrastructure/eureka-server/target/classes started by blake in /Users/blake/Desktop/socialmedia/backend/infrastructure/eureka-server)
2025-06-03T09:44:24.001+07:00  INFO 8396 --- [eureka-server] [           main] c.s.eureka.EurekaServerApplication       : No active profile set, falling back to 1 default profile: "default"
2025-06-03T09:44:25.178+07:00  INFO 8396 --- [eureka-server] [           main] o.s.cloud.context.scope.GenericScope     : BeanFactory id=cbb08d38-1e7b-36ac-b335-b20a005ab8f7
2025-06-03T09:44:25.577+07:00  INFO 8396 --- [eureka-server] [           main] o.s.b.w.embedded.tomcat.TomcatWebServer  : Tomcat initialized with port 8761 (http)
2025-06-03T09:44:25.597+07:00  INFO 8396 --- [eureka-server] [           main] o.apache.catalina.core.StandardService   : Starting service [Tomcat]
2025-06-03T09:44:25.597+07:00  INFO 8396 --- [eureka-server] [           main] o.apache.catalina.core.StandardEngine    : Starting Servlet engine: [Apache Tomcat/10.1.39]
2025-06-03T09:44:25.668+07:00  INFO 8396 --- [eureka-server] [           main] o.a.c.c.C.[Tomcat].[localhost].[/]       : Initializing Spring embedded WebApplicationContext
2025-06-03T09:44:25.670+07:00  INFO 8396 --- [eureka-server] [           main] w.s.c.ServletWebServerApplicationContext : Root WebApplicationContext: initialization completed in 1613 ms
2025-06-03T09:44:26.890+07:00  INFO 8396 --- [eureka-server] [           main] c.n.d.provider.DiscoveryJerseyProvider   : Using JSON encoding codec LegacyJacksonJson
2025-06-03T09:44:26.892+07:00  INFO 8396 --- [eureka-server] [           main] c.n.d.provider.DiscoveryJerseyProvider   : Using JSON decoding codec LegacyJacksonJson
2025-06-03T09:44:27.093+07:00  INFO 8396 --- [eureka-server] [           main] c.n.d.provider.DiscoveryJerseyProvider   : Using XML encoding codec XStreamXml
2025-06-03T09:44:27.094+07:00  INFO 8396 --- [eureka-server] [           main] c.n.d.provider.DiscoveryJerseyProvider   : Using XML decoding codec XStreamXml
2025-06-03T09:44:27.259+07:00  INFO 8396 --- [eureka-server] [           main] o.s.v.b.OptionalValidatorFactoryBean     : Failed to set up a Bean Validation provider: jakarta.validation.NoProviderFoundException: Unable to create a Configuration, because no Jakarta Bean Validation provider could be found. Add a provider like Hibernate Validator (RI) to your classpath.
2025-06-03T09:44:28.056+07:00  WARN 8396 --- [eureka-server] [           main] iguration$LoadBalancerCaffeineWarnLogger : Spring Cloud LoadBalancer is currently working with the default cache. While this cache implementation is useful for development and tests, it's recommended to use Caffeine cache in production.You can switch to using Caffeine cache, by adding it and org.springframework.cache.caffeine.CaffeineCacheManager to the classpath.
2025-06-03T09:44:28.077+07:00  INFO 8396 --- [eureka-server] [           main] o.s.c.n.eureka.InstanceInfoFactory       : Setting initial instance status as: STARTING
2025-06-03T09:44:28.102+07:00  INFO 8396 --- [eureka-server] [           main] com.netflix.discovery.DiscoveryClient    : Initializing Eureka in region us-east-1
2025-06-03T09:44:28.102+07:00  INFO 8396 --- [eureka-server] [           main] com.netflix.discovery.DiscoveryClient    : Client configured to neither register nor query for data.
2025-06-03T09:44:28.105+07:00  INFO 8396 --- [eureka-server] [           main] com.netflix.discovery.DiscoveryClient    : Discovery Client initialized at timestamp 1748918668103 with initial instances count: 0
2025-06-03T09:44:28.153+07:00  INFO 8396 --- [eureka-server] [           main] c.n.eureka.DefaultEurekaServerContext    : Initializing ...
2025-06-03T09:44:28.154+07:00  WARN 8396 --- [eureka-server] [           main] c.n.eureka.cluster.PeerEurekaNodes       : The replica size seems to be empty. Check the route 53 DNS Registry
2025-06-03T09:44:28.169+07:00  INFO 8396 --- [eureka-server] [           main] c.n.e.registry.AbstractInstanceRegistry  : Finished initializing remote region registries. All known remote regions: []
2025-06-03T09:44:28.170+07:00  INFO 8396 --- [eureka-server] [           main] c.n.eureka.DefaultEurekaServerContext    : Initialized
2025-06-03T09:44:28.182+07:00  INFO 8396 --- [eureka-server] [           main] o.s.b.a.e.web.EndpointLinksResolver      : Exposing 1 endpoint beneath base path '/actuator'
2025-06-03T09:44:28.243+07:00  INFO 8396 --- [eureka-server] [           main] o.s.c.n.e.s.EurekaServiceRegistry        : Registering application EUREKA-SERVER with eureka with status UP
2025-06-03T09:44:28.255+07:00  INFO 8396 --- [eureka-server] [       Thread-9] o.s.c.n.e.server.EurekaServerBootstrap   : isAws returned false
2025-06-03T09:44:28.255+07:00  INFO 8396 --- [eureka-server] [       Thread-9] o.s.c.n.e.server.EurekaServerBootstrap   : Initialized server context
2025-06-03T09:44:28.256+07:00  INFO 8396 --- [eureka-server] [       Thread-9] c.n.e.r.PeerAwareInstanceRegistryImpl    : Got 1 instances from neighboring DS node
2025-06-03T09:44:28.256+07:00  INFO 8396 --- [eureka-server] [       Thread-9] c.n.e.r.PeerAwareInstanceRegistryImpl    : Renew threshold is: 1
2025-06-03T09:44:28.256+07:00  INFO 8396 --- [eureka-server] [       Thread-9] c.n.e.r.PeerAwareInstanceRegistryImpl    : Changing status to UP
2025-06-03T09:44:28.258+07:00  INFO 8396 --- [eureka-server] [       Thread-9] e.s.EurekaServerInitializerConfiguration : Started Eureka Server
2025-06-03T09:44:28.297+07:00  INFO 8396 --- [eureka-server] [           main] o.s.b.w.embedded.tomcat.TomcatWebServer  : Tomcat started on port 8761 (http) with context path '/'
2025-06-03T09:44:28.298+07:00  INFO 8396 --- [eureka-server] [           main] .s.c.n.e.s.EurekaAutoServiceRegistration : Updating port to 8761
2025-06-03T09:44:28.316+07:00  INFO 8396 --- [eureka-server] [           main] c.s.eureka.EurekaServerApplication       : Started EurekaServerApplication in 5.367 seconds (process running for 6.083)
2025-06-03T09:45:28.258+07:00  INFO 8396 --- [eureka-server] [a-EvictionTimer] c.n.e.registry.AbstractInstanceRegistry  : Running the evict task with compensationTime 0ms
2025-06-03T09:46:28.264+07:00  INFO 8396 --- [eureka-server] [a-EvictionTimer] c.n.e.registry.AbstractInstanceRegistry  : Running the evict task with compensationTime 5ms
2025-06-03T09:46:40.189+07:00  INFO 8396 --- [eureka-server] [ionShutdownHook] o.s.c.n.e.s.EurekaServiceRegistry        : Unregistering application EUREKA-SERVER with eureka with status DOWN
2025-06-03T09:46:40.218+07:00  INFO 8396 --- [eureka-server] [ionShutdownHook] o.s.b.w.e.tomcat.GracefulShutdown        : Commencing graceful shutdown. Waiting for active requests to complete
2025-06-03T09:46:40.249+07:00  INFO 8396 --- [eureka-server] [tomcat-shutdown] o.s.b.w.e.tomcat.GracefulShutdown        : Graceful shutdown complete
2025-06-03T09:46:40.255+07:00  INFO 8396 --- [eureka-server] [ionShutdownHook] o.s.c.n.e.server.EurekaServerBootstrap   : Shutting down Eureka Server..
2025-06-03T09:46:40.256+07:00  INFO 8396 --- [eureka-server] [ionShutdownHook] c.n.eureka.DefaultEurekaServerContext    : Shutting down ...
2025-06-03T09:46:40.257+07:00  INFO 8396 --- [eureka-server] [ionShutdownHook] c.n.eureka.DefaultEurekaServerContext    : Shut down
2025-06-03T09:46:40.257+07:00  INFO 8396 --- [eureka-server] [ionShutdownHook] o.s.c.n.e.server.EurekaServerBootstrap   : Eureka Service is now shutdown...
2025-06-03T09:46:40.259+07:00  INFO 8396 --- [eureka-server] [ionShutdownHook] c.n.eureka.DefaultEurekaServerContext    : Shutting down ...
2025-06-03T09:46:40.260+07:00  INFO 8396 --- [eureka-server] [ionShutdownHook] c.n.eureka.DefaultEurekaServerContext    : Shut down
2025-06-03T09:46:40.268+07:00  INFO 8396 --- [eureka-server] [ionShutdownHook] com.netflix.discovery.DiscoveryClient    : Shutting down DiscoveryClient ...
2025-06-03T09:46:40.268+07:00  INFO 8396 --- [eureka-server] [ionShutdownHook] com.netflix.discovery.DiscoveryClient    : Completed shut down of DiscoveryClient
