[INFO] Scanning for projects...
[INFO] 
[INFO] -------------------< com.socialmedia:eureka-server >--------------------
[INFO] Building eureka-server 0.0.1-SNAPSHOT
[INFO]   from pom.xml
[INFO] --------------------------------[ jar ]---------------------------------
[INFO] 
[INFO] >>> spring-boot:3.4.4:run (default-cli) > test-compile @ eureka-server >>>
[INFO] 
[INFO] --- resources:3.3.1:resources (default-resources) @ eureka-server ---
[INFO] Copying 1 resource from src/main/resources to target/classes
[INFO] Copying 0 resource from src/main/resources to target/classes
[INFO] 
[INFO] --- compiler:3.13.0:compile (default-compile) @ eureka-server ---
[INFO] Nothing to compile - all classes are up to date.
[INFO] 
[INFO] --- resources:3.3.1:testResources (default-testResources) @ eureka-server ---
[INFO] skip non existing resourceDirectory /Users/blake/Desktop/socialmedia/backend/infrastructure/eureka-server/src/test/resources
[INFO] 
[INFO] --- compiler:3.13.0:testCompile (default-testCompile) @ eureka-server ---
[INFO] No sources to compile
[INFO] 
[INFO] <<< spring-boot:3.4.4:run (default-cli) < test-compile @ eureka-server <<<
[INFO] 
[INFO] 
[INFO] --- spring-boot:3.4.4:run (default-cli) @ eureka-server ---
[INFO] Attaching agents: []

  .   ____          _            __ _ _
 /\\ / ___'_ __ _ _(_)_ __  __ _ \ \ \ \
( ( )\___ | '_ | '_| | '_ \/ _` | \ \ \ \
 \\/  ___)| |_)| | | | | || (_| |  ) ) ) )
  '  |____| .__|_| |_|_| |_\__, | / / / /
 =========|_|==============|___/=/_/_/_/

 :: Spring Boot ::                (v3.4.4)

2025-06-02T19:04:20.998+07:00  INFO 94559 --- [eureka-server] [           main] c.s.eureka.EurekaServerApplication       : Starting EurekaServerApplication using Java 21.0.7 with PID 94559 (/Users/blake/Desktop/socialmedia/backend/infrastructure/eureka-server/target/classes started by blake in /Users/blake/Desktop/socialmedia/backend/infrastructure/eureka-server)
2025-06-02T19:04:21.001+07:00  INFO 94559 --- [eureka-server] [           main] c.s.eureka.EurekaServerApplication       : No active profile set, falling back to 1 default profile: "default"
2025-06-02T19:04:22.209+07:00  INFO 94559 --- [eureka-server] [           main] o.s.cloud.context.scope.GenericScope     : BeanFactory id=cbb08d38-1e7b-36ac-b335-b20a005ab8f7
2025-06-02T19:04:22.582+07:00  INFO 94559 --- [eureka-server] [           main] o.s.b.w.embedded.tomcat.TomcatWebServer  : Tomcat initialized with port 8761 (http)
2025-06-02T19:04:22.601+07:00  INFO 94559 --- [eureka-server] [           main] o.apache.catalina.core.StandardService   : Starting service [Tomcat]
2025-06-02T19:04:22.602+07:00  INFO 94559 --- [eureka-server] [           main] o.apache.catalina.core.StandardEngine    : Starting Servlet engine: [Apache Tomcat/10.1.39]
2025-06-02T19:04:22.693+07:00  INFO 94559 --- [eureka-server] [           main] o.a.c.c.C.[Tomcat].[localhost].[/]       : Initializing Spring embedded WebApplicationContext
2025-06-02T19:04:22.694+07:00  INFO 94559 --- [eureka-server] [           main] w.s.c.ServletWebServerApplicationContext : Root WebApplicationContext: initialization completed in 1603 ms
2025-06-02T19:04:23.829+07:00  INFO 94559 --- [eureka-server] [           main] c.n.d.provider.DiscoveryJerseyProvider   : Using JSON encoding codec LegacyJacksonJson
2025-06-02T19:04:23.830+07:00  INFO 94559 --- [eureka-server] [           main] c.n.d.provider.DiscoveryJerseyProvider   : Using JSON decoding codec LegacyJacksonJson
2025-06-02T19:04:24.025+07:00  INFO 94559 --- [eureka-server] [           main] c.n.d.provider.DiscoveryJerseyProvider   : Using XML encoding codec XStreamXml
2025-06-02T19:04:24.025+07:00  INFO 94559 --- [eureka-server] [           main] c.n.d.provider.DiscoveryJerseyProvider   : Using XML decoding codec XStreamXml
2025-06-02T19:04:24.199+07:00  INFO 94559 --- [eureka-server] [           main] o.s.v.b.OptionalValidatorFactoryBean     : Failed to set up a Bean Validation provider: jakarta.validation.NoProviderFoundException: Unable to create a Configuration, because no Jakarta Bean Validation provider could be found. Add a provider like Hibernate Validator (RI) to your classpath.
2025-06-02T19:04:25.064+07:00  WARN 94559 --- [eureka-server] [           main] iguration$LoadBalancerCaffeineWarnLogger : Spring Cloud LoadBalancer is currently working with the default cache. While this cache implementation is useful for development and tests, it's recommended to use Caffeine cache in production.You can switch to using Caffeine cache, by adding it and org.springframework.cache.caffeine.CaffeineCacheManager to the classpath.
2025-06-02T19:04:25.089+07:00  INFO 94559 --- [eureka-server] [           main] o.s.c.n.eureka.InstanceInfoFactory       : Setting initial instance status as: STARTING
2025-06-02T19:04:25.123+07:00  INFO 94559 --- [eureka-server] [           main] com.netflix.discovery.DiscoveryClient    : Initializing Eureka in region us-east-1
2025-06-02T19:04:25.124+07:00  INFO 94559 --- [eureka-server] [           main] com.netflix.discovery.DiscoveryClient    : Client configured to neither register nor query for data.
2025-06-02T19:04:25.127+07:00  INFO 94559 --- [eureka-server] [           main] com.netflix.discovery.DiscoveryClient    : Discovery Client initialized at timestamp 1748865865125 with initial instances count: 0
2025-06-02T19:04:25.183+07:00  INFO 94559 --- [eureka-server] [           main] c.n.eureka.DefaultEurekaServerContext    : Initializing ...
2025-06-02T19:04:25.185+07:00  INFO 94559 --- [eureka-server] [           main] c.n.eureka.cluster.PeerEurekaNodes       : Adding new peer nodes [http://localhost:8761/eureka/]
2025-06-02T19:04:25.322+07:00  INFO 94559 --- [eureka-server] [           main] c.n.d.provider.DiscoveryJerseyProvider   : Using JSON encoding codec LegacyJacksonJson
2025-06-02T19:04:25.322+07:00  INFO 94559 --- [eureka-server] [           main] c.n.d.provider.DiscoveryJerseyProvider   : Using JSON decoding codec LegacyJacksonJson
2025-06-02T19:04:25.322+07:00  INFO 94559 --- [eureka-server] [           main] c.n.d.provider.DiscoveryJerseyProvider   : Using XML encoding codec XStreamXml
2025-06-02T19:04:25.322+07:00  INFO 94559 --- [eureka-server] [           main] c.n.d.provider.DiscoveryJerseyProvider   : Using XML decoding codec XStreamXml
2025-06-02T19:04:25.376+07:00  INFO 94559 --- [eureka-server] [           main] c.n.eureka.cluster.PeerEurekaNodes       : Replica node URL:  http://localhost:8761/eureka/
2025-06-02T19:04:25.392+07:00  INFO 94559 --- [eureka-server] [           main] c.n.e.registry.AbstractInstanceRegistry  : Finished initializing remote region registries. All known remote regions: []
2025-06-02T19:04:25.392+07:00  INFO 94559 --- [eureka-server] [           main] c.n.eureka.DefaultEurekaServerContext    : Initialized
2025-06-02T19:04:25.405+07:00  INFO 94559 --- [eureka-server] [           main] o.s.b.a.e.web.EndpointLinksResolver      : Exposing 1 endpoint beneath base path '/actuator'
2025-06-02T19:04:25.467+07:00  INFO 94559 --- [eureka-server] [           main] o.s.c.n.e.s.EurekaServiceRegistry        : Registering application EUREKA-SERVER with eureka with status UP
2025-06-02T19:04:25.480+07:00  INFO 94559 --- [eureka-server] [       Thread-9] o.s.c.n.e.server.EurekaServerBootstrap   : isAws returned false
2025-06-02T19:04:25.480+07:00  INFO 94559 --- [eureka-server] [       Thread-9] o.s.c.n.e.server.EurekaServerBootstrap   : Initialized server context
2025-06-02T19:04:25.480+07:00  INFO 94559 --- [eureka-server] [       Thread-9] c.n.e.r.PeerAwareInstanceRegistryImpl    : Got 1 instances from neighboring DS node
2025-06-02T19:04:25.481+07:00  INFO 94559 --- [eureka-server] [       Thread-9] c.n.e.r.PeerAwareInstanceRegistryImpl    : Renew threshold is: 1
2025-06-02T19:04:25.481+07:00  INFO 94559 --- [eureka-server] [       Thread-9] c.n.e.r.PeerAwareInstanceRegistryImpl    : Changing status to UP
2025-06-02T19:04:25.484+07:00  INFO 94559 --- [eureka-server] [       Thread-9] e.s.EurekaServerInitializerConfiguration : Started Eureka Server
2025-06-02T19:04:25.507+07:00  INFO 94559 --- [eureka-server] [           main] o.s.b.w.embedded.tomcat.TomcatWebServer  : Tomcat started on port 8761 (http) with context path '/'
2025-06-02T19:04:25.508+07:00  INFO 94559 --- [eureka-server] [           main] .s.c.n.e.s.EurekaAutoServiceRegistration : Updating port to 8761
2025-06-02T19:04:25.528+07:00  INFO 94559 --- [eureka-server] [           main] c.s.eureka.EurekaServerApplication       : Started EurekaServerApplication in 5.172 seconds (process running for 5.81)
2025-06-02T19:05:25.488+07:00  INFO 94559 --- [eureka-server] [a-EvictionTimer] c.n.e.registry.AbstractInstanceRegistry  : Running the evict task with compensationTime 0ms
2025-06-02T19:05:26.935+07:00  INFO 94559 --- [eureka-server] [nio-8761-exec-1] o.a.c.c.C.[Tomcat].[localhost].[/]       : Initializing Spring DispatcherServlet 'dispatcherServlet'
2025-06-02T19:05:26.936+07:00  INFO 94559 --- [eureka-server] [nio-8761-exec-1] o.s.web.servlet.DispatcherServlet        : Initializing Servlet 'dispatcherServlet'
2025-06-02T19:05:26.957+07:00  INFO 94559 --- [eureka-server] [nio-8761-exec-1] o.s.web.servlet.DispatcherServlet        : Completed initialization in 20 ms
2025-06-02T19:05:27.564+07:00  INFO 94559 --- [eureka-server] [nio-8761-exec-2] c.n.e.registry.AbstractInstanceRegistry  : Registered instance AUTH-SERVICE/macbookpro.lan:auth-service:8081 with status UP (replication=false)
2025-06-02T19:05:28.343+07:00  INFO 94559 --- [eureka-server] [nio-8761-exec-3] c.n.e.registry.AbstractInstanceRegistry  : Registered instance AUTH-SERVICE/macbookpro.lan:auth-service:8081 with status UP (replication=true)
