[INFO] Scanning for projects...
[INFO] 
[INFO] ----------------< com.socialmedia:notification-service >----------------
[INFO] Building notification-service 0.0.1-SNAPSHOT
[INFO]   from pom.xml
[INFO] --------------------------------[ jar ]---------------------------------
[INFO] 
[INFO] >>> spring-boot:3.4.4:run (default-cli) > test-compile @ notification-service >>>
[INFO] 
[INFO] --- resources:3.3.1:resources (default-resources) @ notification-service ---
[INFO] Copying 1 resource from src/main/resources to target/classes
[INFO] Copying 1 resource from src/main/resources to target/classes
[INFO] 
[INFO] --- compiler:3.13.0:compile (default-compile) @ notification-service ---
[INFO] Nothing to compile - all classes are up to date.
[INFO] 
[INFO] --- resources:3.3.1:testResources (default-testResources) @ notification-service ---
[INFO] skip non existing resourceDirectory /Users/blake/Desktop/socialmedia/backend/services/notification-service/src/test/resources
[INFO] 
[INFO] --- compiler:3.13.0:testCompile (default-testCompile) @ notification-service ---
[INFO] Nothing to compile - all classes are up to date.
[INFO] 
[INFO] <<< spring-boot:3.4.4:run (default-cli) < test-compile @ notification-service <<<
[INFO] 
[INFO] 
[INFO] --- spring-boot:3.4.4:run (default-cli) @ notification-service ---
[INFO] Attaching agents: []

  .   ____          _            __ _ _
 /\\ / ___'_ __ _ _(_)_ __  __ _ \ \ \ \
( ( )\___ | '_ | '_| | '_ \/ _` | \ \ \ \
 \\/  ___)| |_)| | | | | || (_| |  ) ) ) )
  '  |____| .__|_| |_|_| |_\__, | / / / /
 =========|_|==============|___/=/_/_/_/

 :: Spring Boot ::                (v3.4.4)

2025-06-02T18:56:00.579+07:00  INFO 93801 --- [notification-service] [           main] c.s.n.NotificationServiceApplication     : Starting NotificationServiceApplication using Java 21.0.7 with PID 93801 (/Users/blake/Desktop/socialmedia/backend/services/notification-service/target/classes started by blake in /Users/blake/Desktop/socialmedia/backend/services/notification-service)
2025-06-02T18:56:00.582+07:00  INFO 93801 --- [notification-service] [           main] c.s.n.NotificationServiceApplication     : No active profile set, falling back to 1 default profile: "default"
2025-06-02T18:56:01.712+07:00  INFO 93801 --- [notification-service] [           main] o.s.cloud.context.scope.GenericScope     : BeanFactory id=ecf46159-17ec-3641-a254-908e2c343234
2025-06-02T18:56:02.077+07:00  INFO 93801 --- [notification-service] [           main] o.s.b.w.embedded.tomcat.TomcatWebServer  : Tomcat initialized with port 8086 (http)
2025-06-02T18:56:02.098+07:00  INFO 93801 --- [notification-service] [           main] o.apache.catalina.core.StandardService   : Starting service [Tomcat]
2025-06-02T18:56:02.098+07:00  INFO 93801 --- [notification-service] [           main] o.apache.catalina.core.StandardEngine    : Starting Servlet engine: [Apache Tomcat/10.1.39]
2025-06-02T18:56:02.175+07:00  INFO 93801 --- [notification-service] [           main] o.a.c.c.C.[Tomcat].[localhost].[/]       : Initializing Spring embedded WebApplicationContext
2025-06-02T18:56:02.177+07:00  INFO 93801 --- [notification-service] [           main] w.s.c.ServletWebServerApplicationContext : Root WebApplicationContext: initialization completed in 1524 ms
2025-06-02T18:56:03.248+07:00  INFO 93801 --- [notification-service] [           main] DiscoveryClientOptionalArgsConfiguration : Eureka HTTP Client uses RestTemplate.
2025-06-02T18:56:03.344+07:00  WARN 93801 --- [notification-service] [           main] iguration$LoadBalancerCaffeineWarnLogger : Spring Cloud LoadBalancer is currently working with the default cache. While this cache implementation is useful for development and tests, it's recommended to use Caffeine cache in production.You can switch to using Caffeine cache, by adding it and org.springframework.cache.caffeine.CaffeineCacheManager to the classpath.
2025-06-02T18:56:03.376+07:00  INFO 93801 --- [notification-service] [           main] o.s.c.n.eureka.InstanceInfoFactory       : Setting initial instance status as: STARTING
2025-06-02T18:56:03.410+07:00  INFO 93801 --- [notification-service] [           main] com.netflix.discovery.DiscoveryClient    : Initializing Eureka in region us-east-1
2025-06-02T18:56:03.416+07:00  INFO 93801 --- [notification-service] [           main] c.n.d.s.r.aws.ConfigClusterResolver      : Resolving eureka endpoints via configuration
2025-06-02T18:56:03.426+07:00  INFO 93801 --- [notification-service] [           main] com.netflix.discovery.DiscoveryClient    : Disable delta property : false
2025-06-02T18:56:03.426+07:00  INFO 93801 --- [notification-service] [           main] com.netflix.discovery.DiscoveryClient    : Single vip registry refresh property : null
2025-06-02T18:56:03.426+07:00  INFO 93801 --- [notification-service] [           main] com.netflix.discovery.DiscoveryClient    : Force full registry fetch : false
2025-06-02T18:56:03.426+07:00  INFO 93801 --- [notification-service] [           main] com.netflix.discovery.DiscoveryClient    : Application is null : false
2025-06-02T18:56:03.426+07:00  INFO 93801 --- [notification-service] [           main] com.netflix.discovery.DiscoveryClient    : Registered Applications size is zero : true
2025-06-02T18:56:03.426+07:00  INFO 93801 --- [notification-service] [           main] com.netflix.discovery.DiscoveryClient    : Application version is -1: true
2025-06-02T18:56:03.426+07:00  INFO 93801 --- [notification-service] [           main] com.netflix.discovery.DiscoveryClient    : Getting all instance registry info from the eureka server
2025-06-02T18:56:03.928+07:00  INFO 93801 --- [notification-service] [           main] com.netflix.discovery.DiscoveryClient    : The response status is 200
2025-06-02T18:56:03.930+07:00  INFO 93801 --- [notification-service] [           main] com.netflix.discovery.DiscoveryClient    : Starting heartbeat executor: renew interval is: 30
2025-06-02T18:56:03.933+07:00  INFO 93801 --- [notification-service] [           main] c.n.discovery.InstanceInfoReplicator     : InstanceInfoReplicator onDemand update allowed rate per min is 4
2025-06-02T18:56:03.935+07:00  INFO 93801 --- [notification-service] [           main] com.netflix.discovery.DiscoveryClient    : Discovery Client initialized at timestamp 1748865363934 with initial instances count: 2
2025-06-02T18:56:03.938+07:00  INFO 93801 --- [notification-service] [           main] o.s.c.n.e.s.EurekaServiceRegistry        : Registering application NOTIFICATION-SERVICE with eureka with status UP
2025-06-02T18:56:03.939+07:00  INFO 93801 --- [notification-service] [           main] com.netflix.discovery.DiscoveryClient    : Saw local status change event StatusChangeEvent [timestamp=1748865363939, current=UP, previous=STARTING]
2025-06-02T18:56:03.940+07:00  INFO 93801 --- [notification-service] [foReplicator-%d] com.netflix.discovery.DiscoveryClient    : DiscoveryClient_NOTIFICATION-SERVICE/macbookpro.lan:notification-service:8086: registering service...
2025-06-02T18:56:03.965+07:00  INFO 93801 --- [notification-service] [           main] o.s.b.w.embedded.tomcat.TomcatWebServer  : Tomcat started on port 8086 (http) with context path '/'
2025-06-02T18:56:03.966+07:00  INFO 93801 --- [notification-service] [           main] .s.c.n.e.s.EurekaAutoServiceRegistration : Updating port to 8086
2025-06-02T18:56:03.981+07:00  INFO 93801 --- [notification-service] [           main] c.s.n.NotificationServiceApplication     : Started NotificationServiceApplication in 4.152 seconds (process running for 4.816)
2025-06-02T18:56:03.988+07:00  INFO 93801 --- [notification-service] [foReplicator-%d] com.netflix.discovery.DiscoveryClient    : DiscoveryClient_NOTIFICATION-SERVICE/macbookpro.lan:notification-service:8086 - registration status: 204
2025-06-02T19:01:03.435+07:00  INFO 93801 --- [notification-service] [rap-executor-%d] c.n.d.s.r.aws.ConfigClusterResolver      : Resolving eureka endpoints via configuration
2025-06-02T19:04:06.815+07:00  INFO 93801 --- [notification-service] [ionShutdownHook] o.s.c.n.e.s.EurekaServiceRegistry        : Unregistering application NOTIFICATION-SERVICE with eureka with status DOWN
2025-06-02T19:04:06.852+07:00  INFO 93801 --- [notification-service] [ionShutdownHook] com.netflix.discovery.DiscoveryClient    : Saw local status change event StatusChangeEvent [timestamp=1748865846852, current=DOWN, previous=UP]
2025-06-02T19:04:06.857+07:00  INFO 93801 --- [notification-service] [foReplicator-%d] com.netflix.discovery.DiscoveryClient    : DiscoveryClient_NOTIFICATION-SERVICE/macbookpro.lan:notification-service:8086: registering service...
2025-06-02T19:04:06.920+07:00  INFO 93801 --- [notification-service] [foReplicator-%d] com.netflix.discovery.DiscoveryClient    : DiscoveryClient_NOTIFICATION-SERVICE/macbookpro.lan:notification-service:8086 - registration status: 204
2025-06-02T19:04:07.174+07:00  INFO 93801 --- [notification-service] [ionShutdownHook] o.s.b.w.e.tomcat.GracefulShutdown        : Commencing graceful shutdown. Waiting for active requests to complete
2025-06-02T19:04:07.270+07:00  INFO 93801 --- [notification-service] [tomcat-shutdown] o.s.b.w.e.tomcat.GracefulShutdown        : Graceful shutdown complete
2025-06-02T19:04:07.453+07:00  INFO 93801 --- [notification-service] [ionShutdownHook] com.netflix.discovery.DiscoveryClient    : Shutting down DiscoveryClient ...
