[INFO] Scanning for projects...
[INFO] 
[INFO] --------------------< com.socialmedia:user-service >--------------------
[INFO] Building user-service 0.0.1-SNAPSHOT
[INFO]   from pom.xml
[INFO] --------------------------------[ jar ]---------------------------------
[INFO] 
[INFO] >>> spring-boot:3.4.4:run (default-cli) > test-compile @ user-service >>>
[INFO] 
[INFO] --- resources:3.3.1:resources (default-resources) @ user-service ---
[INFO] Copying 1 resource from src/main/resources to target/classes
[INFO] Copying 1 resource from src/main/resources to target/classes
[INFO] 
[INFO] --- compiler:3.13.0:compile (default-compile) @ user-service ---
[INFO] Recompiling the module because of changed source code.
[INFO] Compiling 17 source files with javac [debug parameters release 21] to target/classes
[INFO] /Users/blake/Desktop/socialmedia/backend/services/user-service/src/main/java/com/socialmedia/user_service/exception/GlobalExceptionHandler.java: /Users/blake/Desktop/socialmedia/backend/services/user-service/src/main/java/com/socialmedia/user_service/exception/GlobalExceptionHandler.java uses unchecked or unsafe operations.
[INFO] /Users/blake/Desktop/socialmedia/backend/services/user-service/src/main/java/com/socialmedia/user_service/exception/GlobalExceptionHandler.java: Recompile with -Xlint:unchecked for details.
[INFO] -------------------------------------------------------------
[WARNING] COMPILATION WARNING : 
[INFO] -------------------------------------------------------------
[WARNING] The following options were not recognized by any processor: '[mapstruct.verbose, mapstruct.defaultComponentModel, mapstruct.suppressGeneratorTimestamp]'
[INFO] 1 warning
[INFO] -------------------------------------------------------------
[INFO] -------------------------------------------------------------
[ERROR] COMPILATION ERROR : 
[INFO] -------------------------------------------------------------
[ERROR] /Users/blake/Desktop/socialmedia/backend/services/user-service/src/main/java/com/socialmedia/user_service/exception/GlobalExceptionHandler.java:[50,20] cannot find symbol
  symbol:   method setErrors(java.util.Map<java.lang.String,java.util.List<java.lang.String>>)
  location: variable apiResponse of type com.socialmedia.user_service.dto.response.ApiResponse
[INFO] 1 error
[INFO] -------------------------------------------------------------
[INFO] ------------------------------------------------------------------------
[INFO] BUILD FAILURE
[INFO] ------------------------------------------------------------------------
[INFO] Total time:  4.497 s
[INFO] Finished at: 2025-06-03T09:44:35+07:00
[INFO] ------------------------------------------------------------------------
[ERROR] Failed to execute goal org.apache.maven.plugins:maven-compiler-plugin:3.13.0:compile (default-compile) on project user-service: Compilation failure
[ERROR] /Users/blake/Desktop/socialmedia/backend/services/user-service/src/main/java/com/socialmedia/user_service/exception/GlobalExceptionHandler.java:[50,20] cannot find symbol
[ERROR]   symbol:   method setErrors(java.util.Map<java.lang.String,java.util.List<java.lang.String>>)
[ERROR]   location: variable apiResponse of type com.socialmedia.user_service.dto.response.ApiResponse
[ERROR] 
[ERROR] -> [Help 1]
[ERROR] 
[ERROR] To see the full stack trace of the errors, re-run Maven with the -e switch.
[ERROR] Re-run Maven using the -X switch to enable full debug logging.
[ERROR] 
[ERROR] For more information about the errors and possible solutions, please read the following articles:
[ERROR] [Help 1] http://cwiki.apache.org/confluence/display/MAVEN/MojoFailureException
